{"/Users/robertoman/Documents/Projects/bank-tech-test/lib/bank_account.js": {"path":"/Users/robertoman/Documents/Projects/bank-tech-test/lib/bank_account.js","statementMap":{"0":{"start":{"line":1,"column":20},"end":{"line":1,"column":44}},"1":{"start":{"line":2,"column":18},"end":{"line":2,"column":40}},"2":{"start":{"line":6,"column":4},"end":{"line":6,"column":27}},"3":{"start":{"line":10,"column":4},"end":{"line":10,"column":33}},"4":{"start":{"line":14,"column":4},"end":{"line":14,"column":99}},"5":{"start":{"line":14,"column":38},"end":{"line":14,"column":99}},"6":{"start":{"line":15,"column":4},"end":{"line":15,"column":38}},"7":{"start":{"line":16,"column":4},"end":{"line":16,"column":18}},"8":{"start":{"line":20,"column":22},"end":{"line":20,"column":52}},"9":{"start":{"line":21,"column":4},"end":{"line":21,"column":81}},"10":{"start":{"line":21,"column":47},"end":{"line":21,"column":79}},"11":{"start":{"line":22,"column":4},"end":{"line":22,"column":22}},"12":{"start":{"line":26,"column":24},"end":{"line":26,"column":47}},"13":{"start":{"line":27,"column":4},"end":{"line":27,"column":43}},"14":{"start":{"line":31,"column":4},"end":{"line":31,"column":95}},"15":{"start":{"line":31,"column":62},"end":{"line":31,"column":90}},"16":{"start":{"line":35,"column":0},"end":{"line":35,"column":29}}},"fnMap":{"0":{"name":"(anonymous_0)","decl":{"start":{"line":5,"column":2},"end":{"line":5,"column":3}},"loc":{"start":{"line":5,"column":16},"end":{"line":7,"column":3}},"line":5},"1":{"name":"(anonymous_1)","decl":{"start":{"line":9,"column":2},"end":{"line":9,"column":3}},"loc":{"start":{"line":9,"column":18},"end":{"line":11,"column":3}},"line":9},"2":{"name":"(anonymous_2)","decl":{"start":{"line":13,"column":2},"end":{"line":13,"column":3}},"loc":{"start":{"line":13,"column":19},"end":{"line":17,"column":3}},"line":13},"3":{"name":"(anonymous_3)","decl":{"start":{"line":19,"column":2},"end":{"line":19,"column":3}},"loc":{"start":{"line":19,"column":22},"end":{"line":23,"column":3}},"line":19},"4":{"name":"(anonymous_4)","decl":{"start":{"line":21,"column":30},"end":{"line":21,"column":31}},"loc":{"start":{"line":21,"column":47},"end":{"line":21,"column":79}},"line":21},"5":{"name":"(anonymous_5)","decl":{"start":{"line":31,"column":36},"end":{"line":31,"column":37}},"loc":{"start":{"line":31,"column":62},"end":{"line":31,"column":90}},"line":31}},"branchMap":{"0":{"loc":{"start":{"line":14,"column":4},"end":{"line":14,"column":99}},"type":"if","locations":[{"start":{"line":14,"column":4},"end":{"line":14,"column":99}},{"start":{},"end":{}}],"line":14}},"s":{"0":1,"1":1,"2":5,"3":6,"4":5,"5":2,"6":3,"7":3,"8":1,"9":1,"10":3,"11":1,"12":9,"13":9,"14":6,"15":11,"16":1},"f":{"0":5,"1":6,"2":5,"3":1,"4":3,"5":11},"b":{"0":[2,3]},"_coverageSchema":"1a1c01bbd47fc00a2c39e90264f33305004495a9","hash":"8492911ce834c0bac36d8af7ac8b2ea3fa667aaa"}
,"/Users/robertoman/Documents/Projects/bank-tech-test/lib/statement.js": {"path":"/Users/robertoman/Documents/Projects/bank-tech-test/lib/statement.js","statementMap":{"0":{"start":{"line":3,"column":4},"end":{"line":3,"column":52}},"1":{"start":{"line":4,"column":4},"end":{"line":4,"column":27}},"2":{"start":{"line":8,"column":26},"end":{"line":8,"column":70}},"3":{"start":{"line":9,"column":28},"end":{"line":9,"column":74}},"4":{"start":{"line":10,"column":29},"end":{"line":10,"column":52}},"5":{"start":{"line":12,"column":4},"end":{"line":16,"column":5}},"6":{"start":{"line":13,"column":6},"end":{"line":13,"column":88}},"7":{"start":{"line":15,"column":6},"end":{"line":15,"column":88}},"8":{"start":{"line":17,"column":4},"end":{"line":17,"column":39}},"9":{"start":{"line":21,"column":4},"end":{"line":21,"column":32}},"10":{"start":{"line":25,"column":0},"end":{"line":25,"column":27}}},"fnMap":{"0":{"name":"(anonymous_0)","decl":{"start":{"line":2,"column":2},"end":{"line":2,"column":3}},"loc":{"start":{"line":2,"column":23},"end":{"line":5,"column":3}},"line":2},"1":{"name":"(anonymous_1)","decl":{"start":{"line":7,"column":2},"end":{"line":7,"column":3}},"loc":{"start":{"line":7,"column":25},"end":{"line":18,"column":3}},"line":7},"2":{"name":"(anonymous_2)","decl":{"start":{"line":20,"column":2},"end":{"line":20,"column":3}},"loc":{"start":{"line":20,"column":10},"end":{"line":22,"column":3}},"line":20}},"branchMap":{"0":{"loc":{"start":{"line":12,"column":4},"end":{"line":16,"column":5}},"type":"if","locations":[{"start":{"line":12,"column":4},"end":{"line":16,"column":5}},{"start":{"line":14,"column":11},"end":{"line":16,"column":5}}],"line":12}},"s":{"0":3,"1":3,"2":4,"3":4,"4":4,"5":4,"6":2,"7":2,"8":4,"9":3,"10":2},"f":{"0":3,"1":4,"2":3},"b":{"0":[2,2]},"_coverageSchema":"1a1c01bbd47fc00a2c39e90264f33305004495a9","hash":"a504f431b3abf3dea72fe649184ff558306d2921"}
,"/Users/robertoman/Documents/Projects/bank-tech-test/lib/transaction.js": {"path":"/Users/robertoman/Documents/Projects/bank-tech-test/lib/transaction.js","statementMap":{"0":{"start":{"line":3,"column":4},"end":{"line":3,"column":28}},"1":{"start":{"line":4,"column":4},"end":{"line":4,"column":31}},"2":{"start":{"line":5,"column":4},"end":{"line":5,"column":26}},"3":{"start":{"line":9,"column":4},"end":{"line":9,"column":22}},"4":{"start":{"line":13,"column":4},"end":{"line":13,"column":24}},"5":{"start":{"line":17,"column":4},"end":{"line":17,"column":25}},"6":{"start":{"line":21,"column":0},"end":{"line":21,"column":29}}},"fnMap":{"0":{"name":"(anonymous_0)","decl":{"start":{"line":2,"column":2},"end":{"line":2,"column":3}},"loc":{"start":{"line":2,"column":22},"end":{"line":6,"column":3}},"line":2},"1":{"name":"(anonymous_1)","decl":{"start":{"line":8,"column":2},"end":{"line":8,"column":3}},"loc":{"start":{"line":8,"column":13},"end":{"line":10,"column":3}},"line":8},"2":{"name":"(anonymous_2)","decl":{"start":{"line":12,"column":2},"end":{"line":12,"column":3}},"loc":{"start":{"line":12,"column":15},"end":{"line":14,"column":3}},"line":12},"3":{"name":"(anonymous_3)","decl":{"start":{"line":16,"column":2},"end":{"line":16,"column":3}},"loc":{"start":{"line":16,"column":16},"end":{"line":18,"column":3}},"line":16}},"branchMap":{},"s":{"0":13,"1":13,"2":13,"3":1,"4":12,"5":1,"6":2},"f":{"0":13,"1":1,"2":12,"3":1},"b":{},"_coverageSchema":"1a1c01bbd47fc00a2c39e90264f33305004495a9","hash":"7f72791054b714b477b9b100991938e3f3fc5625"}
}
