TN:
SF:lib/bank_account.js
FN:5,(anonymous_0)
FN:9,(anonymous_1)
FN:13,(anonymous_2)
FN:19,(anonymous_3)
FN:21,(anonymous_4)
FN:31,(anonymous_5)
FNF:6
FNH:6
FNDA:5,(anonymous_0)
FNDA:6,(anonymous_1)
FNDA:5,(anonymous_2)
FNDA:1,(anonymous_3)
FNDA:3,(anonymous_4)
FNDA:11,(anonymous_5)
DA:1,1
DA:2,1
DA:6,5
DA:10,6
DA:14,5
DA:15,3
DA:16,3
DA:20,1
DA:21,3
DA:22,1
DA:26,9
DA:27,9
DA:31,11
DA:35,1
LF:14
LH:14
BRDA:14,0,0,2
BRDA:14,0,1,3
BRF:2
BRH:2
end_of_record
TN:
SF:lib/statement.js
FN:2,(anonymous_0)
FN:7,(anonymous_1)
FN:20,(anonymous_2)
FNF:3
FNH:3
FNDA:3,(anonymous_0)
FNDA:4,(anonymous_1)
FNDA:3,(anonymous_2)
DA:3,3
DA:4,3
DA:8,4
DA:9,4
DA:10,4
DA:12,4
DA:13,2
DA:15,2
DA:17,4
DA:21,3
DA:25,2
LF:11
LH:11
BRDA:12,0,0,2
BRDA:12,0,1,2
BRF:2
BRH:2
end_of_record
TN:
SF:lib/transaction.js
FN:2,(anonymous_0)
FN:8,(anonymous_1)
FN:12,(anonymous_2)
FN:16,(anonymous_3)
FNF:4
FNH:4
FNDA:13,(anonymous_0)
FNDA:1,(anonymous_1)
FNDA:12,(anonymous_2)
FNDA:1,(anonymous_3)
DA:3,13
DA:4,13
DA:5,13
DA:9,1
DA:13,12
DA:17,1
DA:21,2
LF:7
LH:7
BRF:0
BRH:0
end_of_record
