TN:
SF:lib/bank_account.js
FN:6,(anonymous_0)
FN:10,(anonymous_1)
FN:14,(anonymous_2)
FN:25,(anonymous_3)
FNF:4
FNH:4
FNDA:4,(anonymous_0)
FNDA:4,(anonymous_1)
FNDA:4,(anonymous_2)
FNDA:6,(anonymous_3)
DA:1,1
DA:2,1
DA:3,1
DA:7,4
DA:11,4
DA:15,4
DA:16,2
DA:17,2
DA:21,4
DA:25,4
DA:26,6
DA:31,1
LF:12
LH:12
BRDA:15,0,0,2
BRDA:15,0,1,2
BRF:2
BRH:2
end_of_record
TN:
SF:lib/transaction.js
FN:2,(anonymous_0)
FN:8,(anonymous_1)
FN:12,(anonymous_2)
FN:16,(anonymous_3)
FNF:4
FNH:4
FNDA:9,(anonymous_0)
FNDA:1,(anonymous_1)
FNDA:7,(anonymous_2)
FNDA:7,(anonymous_3)
DA:3,9
DA:4,9
DA:5,9
DA:9,1
DA:13,7
DA:17,7
DA:21,2
LF:7
LH:7
BRF:0
BRH:0
end_of_record
